  main.cpp
  ObjectClassifier.cpp
D:\Projects\Softarex\CV_Task\Object_Classifier\Object_Classifier\ObjectClassifier.cpp(49,68): warning C4267: аргумент: преобразование из "size_t" в "int"; возможна потеря данных
D:\Projects\Softarex\CV_Task\Object_Classifier\Object_Classifier\ObjectClassifier.cpp(57,67): warning C4244: аргумент: преобразование "double" в "_Tp", возможна потеря данных
          with
          [
              _Tp=float
          ]
D:\Projects\Softarex\CV_Task\Object_Classifier\Object_Classifier\ObjectClassifier.cpp(57,42): warning C4244: аргумент: преобразование "double" в "_Tp", возможна потеря данных
          with
          [
              _Tp=float
          ]
D:\Projects\Softarex\CV_Task\Object_Classifier\Object_Classifier\ObjectClassifier.cpp(60,62): warning C4244: аргумент: преобразование "double" в "float", возможна потеря данных
D:\Projects\Softarex\CV_Task\Object_Classifier\Object_Classifier\ObjectClassifier.cpp(92,38): warning C4244: аргумент: преобразование "float" в "_Tp", возможна потеря данных
          with
          [
              _Tp=int
          ]
D:\Projects\Softarex\CV_Task\Object_Classifier\Object_Classifier\ObjectClassifier.cpp(92,24): warning C4244: аргумент: преобразование "float" в "_Tp", возможна потеря данных
          with
          [
              _Tp=int
          ]
D:\Projects\Softarex\CV_Task\Object_Classifier\Object_Classifier\ObjectClassifier.cpp(93,38): warning C4244: аргумент: преобразование "float" в "_Tp", возможна потеря данных
          with
          [
              _Tp=int
          ]
D:\Projects\Softarex\CV_Task\Object_Classifier\Object_Classifier\ObjectClassifier.cpp(93,24): warning C4244: аргумент: преобразование "float" в "_Tp", возможна потеря данных
          with
          [
              _Tp=int
          ]
  Создание кода
  359 of 365 functions (98.4%) were compiled, the rest were copied from previous compilation.
    0 functions were new in current compilation
    1 functions had inline decision re-evaluated but remain unchanged
  Создание кода завершено
  Object_Classifier.vcxproj -> D:\Projects\Softarex\CV_Task\Object_Classifier\x64\Release\Object_Classifier.exe
